#
# There is insufficient memory for the Java Runtime Environment to continue.
# Native memory allocation (mmap) failed to map 130023424 bytes. Error detail: G1 virtual space
# Possible reasons:
#   The system is out of physical RAM or swap space
#   This process is running with CompressedOops enabled, and the Java Heap may be blocking the growth of the native heap
# Possible solutions:
#   Reduce memory load on the system
#   Increase physical memory or swap space
#   Check if swap backing store is full
#   Decrease Java heap size (-Xmx/-Xms)
#   Decrease number of Java threads
#   Decrease Java thread stack sizes (-Xss)
#   Set larger code cache with -XX:ReservedCodeCacheSize=
#   JVM is running with Unscaled Compressed Oops mode in which the Java heap is
#     placed in the first 4GB address space. The Java Heap base address is the
#     maximum limit for the native heap growth. Please use -XX:HeapBaseMinAddress
#     to set the Java Heap base and to place the Java Heap above 4GB virtual address.
# This output file may be truncated or incomplete.
#
#  Out of Memory Error (os_windows.cpp:3631), pid=10096, tid=16000
#
# JRE version:  (22.0.2+9) (build )
# Java VM: OpenJDK 64-Bit Server VM (22.0.2+9, mixed mode, sharing, tiered, compressed oops, compressed class ptrs, g1 gc, windows-amd64)
# No core dump will be written. Minidumps are not enabled by default on client versions of Windows
#

---------------  S U M M A R Y ------------

Command Line: --module-path=C:\JavaFx\javafx-sdk-23.0.1\lib --add-modules=javafx.controls,javafx.fxml -Dfile.encoding=UTF-8 -Dstdout.encoding=UTF-8 -Dstderr.encoding=UTF-8 --module-path=C:\JavaFx\javafx-sdk-23.0.1\lib\javafx-swt.jar;C:\JavaFx\javafx-sdk-23.0.1\lib\javafx.base.jar;C:\JavaFx\javafx-sdk-23.0.1\lib\javafx.controls.jar;C:\JavaFx\javafx-sdk-23.0.1\lib\javafx.fxml.jar;C:\JavaFx\javafx-sdk-23.0.1\lib\javafx.graphics.jar;C:\JavaFx\javafx-sdk-23.0.1\lib\javafx.media.jar;C:\JavaFx\javafx-sdk-23.0.1\lib\javafx.swing.jar;C:\JavaFx\javafx-sdk-23.0.1\lib\javafx.web.jar;C:\Users\admin\.p2\pool\plugins\org.eclipse.fx.ide.css.jfx8_3.10.0.202303150700.jar -XX:+ShowCodeDetailsInExceptionMessages application.Main

Host: 11th Gen Intel(R) Core(TM) i3-1115G4 @ 3.00GHz, 4 cores, 7G,  Windows 11 , 64 bit Build 22621 (10.0.22621.3958)
Time: Sun Nov 24 02:06:19 2024 Pakistan Standard Time elapsed time: 0.023083 seconds (0d 0h 0m 0s)

---------------  T H R E A D  ---------------

Current thread (0x00000243f78821c0):  JavaThread "Unknown thread" [_thread_in_vm, id=16000, stack(0x00000063c3a00000,0x00000063c3b00000) (1024K)]

Stack: [0x00000063c3a00000,0x00000063c3b00000]
Native frames: (J=compiled Java code, j=interpreted, Vv=VM code, C=native code)
V  [jvm.dll+0x6ea6a9]  (no source info available)
V  [jvm.dll+0x8cdbf3]  (no source info available)
V  [jvm.dll+0x8d001e]  (no source info available)
V  [jvm.dll+0x8d06f3]  (no source info available)
V  [jvm.dll+0x286dc6]  (no source info available)
V  [jvm.dll+0x6e6d35]  (no source info available)
V  [jvm.dll+0x6db9ba]  (no source info available)
V  [jvm.dll+0x36037a]  (no source info available)
V  [jvm.dll+0x368846]  (no source info available)
V  [jvm.dll+0x3ba7be]  (no source info available)
V  [jvm.dll+0x3baa68]  (no source info available)
V  [jvm.dll+0x333d1c]  (no source info available)
V  [jvm.dll+0x334988]  (no source info available)
V  [jvm.dll+0x895adc]  (no source info available)
V  [jvm.dll+0x3c78a1]  (no source info available)
V  [jvm.dll+0x87e75c]  (no source info available)
V  [jvm.dll+0x4612ae]  (no source info available)
V  [jvm.dll+0x4630c1]  (no source info available)
C  [jli.dll+0x5278]  (no source info available)
C  [ucrtbase.dll+0x29333]  (no source info available)
C  [KERNEL32.DLL+0x1257d]  (no source info available)
C  [ntdll.dll+0x5af08]  (no source info available)


---------------  P R O C E S S  ---------------

Threads class SMR info:
_java_thread_list=0x00007ffc994bd688, length=0, elements={
}

Java Threads: ( => current thread )
Total: 0

Other Threads:
  0x00000243f7a458a0 WorkerThread "GC Thread#0"                     [id=21228, stack(0x00000063c3b00000,0x00000063c3c00000) (1024K)]
  0x00000243f7a55d90 ConcurrentGCThread "G1 Main Marker"            [id=24920, stack(0x00000063c3c00000,0x00000063c3d00000) (1024K)]
  0x00000243f7a59600 WorkerThread "G1 Conc#0"                       [id=10492, stack(0x00000063c3d00000,0x00000063c3e00000) (1024K)]

[error occurred during error reporting (printing all threads), id 0xc0000005, EXCEPTION_ACCESS_VIOLATION (0xc0000005) at pc=0x00007ffc98ba6cd7]
VM state: not at safepoint (not fully initialized)

VM Mutex/Monitor currently owned by a thread:  ([mutex/lock_event])
[0x00007ffc99541080] Heap_lock - owner thread: 0x00000243f78821c0

Heap address: 0x0000000085800000, size: 1960 MB, Compressed Oops mode: 32-bit

CDS archive(s) mapped at: [0x0000000000000000-0x0000000000000000-0x0000000000000000), size 0, SharedBaseAddress: 0x0000000800000000, ArchiveRelocationMode: 1.
Narrow klass base: 0x0000000000000000, Narrow klass shift: 0, Narrow klass range: 0x0

GC Precious Log:
 CardTable entry size: 512
 Card Set container configuration: InlinePtr #cards 5 size 8 Array Of Cards #cards 12 size 40 Howl #buckets 4 coarsen threshold 1843 Howl Bitmap #cards 512 size 80 coarsen threshold 460 Card regions per heap region 1 cards per card region 2048

Heap:
 garbage-first heap   total reserved 2007040K, committed 0K, used 0K [0x0000000085800000, 0x0000000100000000)
  region size 1024K, 0 young (0K), 0 survivors (0K)

[error occurred during error reporting (printing heap information), id 0xc0000005, EXCEPTION_ACCESS_VIOLATION (0xc0000005) at pc=0x00007ffc98fa7269]
GC Heap History (0 events):
No events

Dll operation events (1 events):
Event: 0.016 Loaded shared library C:\Users\admin\.p2\pool\plugins\org.eclipse.justj.openjdk.hotspot.jre.full.win32.x86_64_22.0.2.v20240802-1626\jre\bin\java.dll

Deoptimization events (0 events):
No events

Classes loaded (0 events):
No events

Classes unloaded (0 events):
No events

Classes redefined (0 events):
No events

Internal exceptions (0 events):
No events

ZGC Phase Switch (0 events):
No events

VM Operations (0 events):
No events

Memory protections (0 events):
No events

Nmethod flushes (0 events):
No events

Events (0 events):
No events


Dynamic libraries:
0x00007ff6e4dc0000 - 0x00007ff6e4dce000 	C:\Users\admin\.p2\pool\plugins\org.eclipse.justj.openjdk.hotspot.jre.full.win32.x86_64_22.0.2.v20240802-1626\jre\bin\javaw.exe
0x00007ffd0b930000 - 0x00007ffd0bb47000 	C:\WINDOWS\SYSTEM32\ntdll.dll
0x00007ffd09660000 - 0x00007ffd09724000 	C:\WINDOWS\System32\KERNEL32.DLL
0x00007ffd08e80000 - 0x00007ffd09237000 	C:\WINDOWS\System32\KERNELBASE.dll
0x00007ffd09480000 - 0x00007ffd09591000 	C:\WINDOWS\System32\ucrtbase.dll
0x00007ffcf3250000 - 0x00007ffcf326b000 	C:\Users\admin\.p2\pool\plugins\org.eclipse.justj.openjdk.hotspot.jre.full.win32.x86_64_22.0.2.v20240802-1626\jre\bin\VCRUNTIME140.dll
0x00007ffcf34c0000 - 0x00007ffcf34d7000 	C:\Users\admin\.p2\pool\plugins\org.eclipse.justj.openjdk.hotspot.jre.full.win32.x86_64_22.0.2.v20240802-1626\jre\bin\jli.dll
0x00007ffd0b740000 - 0x00007ffd0b8ef000 	C:\WINDOWS\System32\USER32.dll
0x00007ffd08c40000 - 0x00007ffd08c66000 	C:\WINDOWS\System32\win32u.dll
0x00007ffd07de0000 - 0x00007ffd08073000 	C:\WINDOWS\WinSxS\amd64_microsoft.windows.common-controls_6595b64144ccf1df_6.0.22621.3672_none_2713b9d173822955\COMCTL32.dll
0x00007ffd09dd0000 - 0x00007ffd09df9000 	C:\WINDOWS\System32\GDI32.dll
0x00007ffd09730000 - 0x00007ffd097d7000 	C:\WINDOWS\System32\msvcrt.dll
0x00007ffd08d60000 - 0x00007ffd08e78000 	C:\WINDOWS\System32\gdi32full.dll
0x00007ffd09270000 - 0x00007ffd0930a000 	C:\WINDOWS\System32\msvcp_win.dll
0x00007ffd098c0000 - 0x00007ffd098f1000 	C:\WINDOWS\System32\IMM32.DLL
0x00007ffcf3c10000 - 0x00007ffcf3c1c000 	C:\Users\admin\.p2\pool\plugins\org.eclipse.justj.openjdk.hotspot.jre.full.win32.x86_64_22.0.2.v20240802-1626\jre\bin\vcruntime140_1.dll
0x00007ffce56b0000 - 0x00007ffce573e000 	C:\Users\admin\.p2\pool\plugins\org.eclipse.justj.openjdk.hotspot.jre.full.win32.x86_64_22.0.2.v20240802-1626\jre\bin\msvcp140.dll
0x00007ffc98860000 - 0x00007ffc99623000 	C:\Users\admin\.p2\pool\plugins\org.eclipse.justj.openjdk.hotspot.jre.full.win32.x86_64_22.0.2.v20240802-1626\jre\bin\server\jvm.dll
0x00007ffd0ac30000 - 0x00007ffd0ace2000 	C:\WINDOWS\System32\ADVAPI32.dll
0x00007ffd09e00000 - 0x00007ffd09ea8000 	C:\WINDOWS\System32\sechost.dll
0x00007ffd09240000 - 0x00007ffd09268000 	C:\WINDOWS\System32\bcrypt.dll
0x00007ffd09bd0000 - 0x00007ffd09ce4000 	C:\WINDOWS\System32\RPCRT4.dll
0x00007ffd097e0000 - 0x00007ffd09851000 	C:\WINDOWS\System32\WS2_32.dll
0x00007ffd08b10000 - 0x00007ffd08b5d000 	C:\WINDOWS\SYSTEM32\POWRPROF.dll
0x00007ffcfd970000 - 0x00007ffcfd9a4000 	C:\WINDOWS\SYSTEM32\WINMM.dll
0x00007ffcfd160000 - 0x00007ffcfd16a000 	C:\WINDOWS\SYSTEM32\VERSION.dll
0x00007ffd08a40000 - 0x00007ffd08a53000 	C:\WINDOWS\SYSTEM32\UMPDC.dll
0x00007ffd075a0000 - 0x00007ffd075b8000 	C:\WINDOWS\SYSTEM32\kernel.appcore.dll
0x00007ffd083f0000 - 0x00007ffd083fa000 	C:\Users\admin\.p2\pool\plugins\org.eclipse.justj.openjdk.hotspot.jre.full.win32.x86_64_22.0.2.v20240802-1626\jre\bin\jimage.dll
0x00007ffd08490000 - 0x00007ffd086c2000 	C:\WINDOWS\SYSTEM32\DBGHELP.DLL
0x00007ffd0a420000 - 0x00007ffd0a7ae000 	C:\WINDOWS\System32\combase.dll
0x00007ffd0b560000 - 0x00007ffd0b637000 	C:\WINDOWS\System32\OLEAUT32.dll
0x00007ffd08380000 - 0x00007ffd083b2000 	C:\WINDOWS\SYSTEM32\dbgcore.DLL
0x00007ffd08c70000 - 0x00007ffd08ceb000 	C:\WINDOWS\System32\bcryptPrimitives.dll
0x00007ffcbf890000 - 0x00007ffcbf8ae000 	C:\Users\admin\.p2\pool\plugins\org.eclipse.justj.openjdk.hotspot.jre.full.win32.x86_64_22.0.2.v20240802-1626\jre\bin\java.dll
0x00007ffd0acf0000 - 0x00007ffd0b559000 	C:\WINDOWS\System32\SHELL32.dll
0x00007ffd09920000 - 0x00007ffd09ac5000 	C:\WINDOWS\System32\ole32.dll

dbghelp: loaded successfully - version: 4.0.5 - missing functions: none
symbol engine: initialized successfully - sym options: 0x614 - pdb path: .;C:\Users\admin\.p2\pool\plugins\org.eclipse.justj.openjdk.hotspot.jre.full.win32.x86_64_22.0.2.v20240802-1626\jre\bin;C:\WINDOWS\SYSTEM32;C:\WINDOWS\WinSxS\amd64_microsoft.windows.common-controls_6595b64144ccf1df_6.0.22621.3672_none_2713b9d173822955;C:\Users\admin\.p2\pool\plugins\org.eclipse.justj.openjdk.hotspot.jre.full.win32.x86_64_22.0.2.v20240802-1626\jre\bin\server

VM Arguments:
jvm_args: --module-path=C:\JavaFx\javafx-sdk-23.0.1\lib --add-modules=javafx.controls,javafx.fxml -Dfile.encoding=UTF-8 -Dstdout.encoding=UTF-8 -Dstderr.encoding=UTF-8 --module-path=C:\JavaFx\javafx-sdk-23.0.1\lib\javafx-swt.jar;C:\JavaFx\javafx-sdk-23.0.1\lib\javafx.base.jar;C:\JavaFx\javafx-sdk-23.0.1\lib\javafx.controls.jar;C:\JavaFx\javafx-sdk-23.0.1\lib\javafx.fxml.jar;C:\JavaFx\javafx-sdk-23.0.1\lib\javafx.graphics.jar;C:\JavaFx\javafx-sdk-23.0.1\lib\javafx.media.jar;C:\JavaFx\javafx-sdk-23.0.1\lib\javafx.swing.jar;C:\JavaFx\javafx-sdk-23.0.1\lib\javafx.web.jar;C:\Users\admin\.p2\pool\plugins\org.eclipse.fx.ide.css.jfx8_3.10.0.202303150700.jar -XX:+ShowCodeDetailsInExceptionMessages 
java_command: application.Main
java_class_path (initial): C:\Users\admin\eclipse-workspace\CareerConnectsJavaFX\bin;D:\MySQLconnectors\mysql-connector-j-9.0.0\mysql-connector-j-9.0.0\mysql-connector-j-9.0.0.jar
Launcher Type: SUN_STANDARD

[Global flags]
     intx CICompilerCount                          = 3                                         {product} {ergonomic}
     uint ConcGCThreads                            = 1                                         {product} {ergonomic}
     uint G1ConcRefinementThreads                  = 4                                         {product} {ergonomic}
   size_t G1HeapRegionSize                         = 1048576                                   {product} {ergonomic}
   size_t InitialHeapSize                          = 130023424                                 {product} {ergonomic}
   size_t MarkStackSize                            = 4194304                                   {product} {ergonomic}
   size_t MaxHeapSize                              = 2055208960                                {product} {ergonomic}
   size_t MinHeapDeltaBytes                        = 1048576                                   {product} {ergonomic}
   size_t MinHeapSize                              = 8388608                                   {product} {ergonomic}
    uintx NonNMethodCodeHeapSize                   = 5832780                                {pd product} {ergonomic}
    uintx NonProfiledCodeHeapSize                  = 122912730                              {pd product} {ergonomic}
    uintx ProfiledCodeHeapSize                     = 122912730                              {pd product} {ergonomic}
    uintx ReservedCodeCacheSize                    = 251658240                              {pd product} {ergonomic}
     bool SegmentedCodeCache                       = true                                      {product} {ergonomic}
     bool ShowCodeDetailsInExceptionMessages       = true                                   {manageable} {command line}
   size_t SoftMaxHeapSize                          = 2055208960                             {manageable} {ergonomic}
     bool UseCompressedOops                        = true                           {product lp64_product} {ergonomic}
     bool UseG1GC                                  = true                                      {product} {ergonomic}
     bool UseLargePagesIndividualAllocation        = false                                  {pd product} {ergonomic}

Logging:
Log output configuration:
 #0: stdout all=warning uptime,level,tags foldmultilines=false
 #1: stderr all=off uptime,level,tags foldmultilines=false

Environment Variables:
PATH=C:/Users/admin/.p2/pool/plugins/org.eclipse.justj.openjdk.hotspot.jre.full.win32.x86_64_22.0.2.v20240802-1626/jre/bin/server;C:/Users/admin/.p2/pool/plugins/org.eclipse.justj.openjdk.hotspot.jre.full.win32.x86_64_22.0.2.v20240802-1626/jre/bin;D:\OracleDBSetup\dbhomeXE\bin;C:\Windows\system32;C:\Windows;C:\Windows\System32\Wbem;C:\Windows\System32\WindowsPowerShell\v1.0\;C:\Windows\System32\OpenSSH\;C:\MinGW\bin;C:\WINDOWS\system32;C:\WINDOWS;C:\WINDOWS\System32\Wbem;C:\WINDOWS\System32\WindowsPowerShell\v1.0\;C:\WINDOWS\System32\OpenSSH\;C:\Python311;C:\Program Files\dotnet\;C:\Program Files (x86)\Microsoft SQL Server\160\Tools\Binn\;C:\Program Files\Microsoft SQL Server\160\Tools\Binn\;C:\Program Files\Microsoft SQL Server\Client SDK\ODBC\170\Tools\Binn\;C:\Program Files\Microsoft SQL Server\160\DTS\Binn\;C:\Program Files (x86)\Microsoft SQL Server\160\DTS\Binn\;C:\Program Files\Azure Data Studio\bin;C:\Program Files\Microsoft SQL Server\150\Tools\Binn\;C:\Program Files (x86)\Windows Kits\10\Windows Performance Toolkit\;C:\Program Files\MySQL\MySQL Server 8.0\bin;C:\Program Files\MySQL\MySQL Shell 8.0\bin\;C:\Users\admin\AppData\Local\Microsoft\WindowsApps;;C:\PyCharm Community Edition 2022.3\bin;;C:\Users\admin\.dotnet\tools;C:\Program Files\Azure Data Studio\bin;C:\WINDOWS\System32;
USERNAME=admin
OS=Windows_NT
PROCESSOR_IDENTIFIER=Intel64 Family 6 Model 140 Stepping 1, GenuineIntel
TMP=C:\Users\admin\AppData\Local\Temp
TEMP=C:\Users\admin\AppData\Local\Temp




Periodic native trim disabled

---------------  S Y S T E M  ---------------

OS:
 Windows 11 , 64 bit Build 22621 (10.0.22621.3958)
OS uptime: 19 days 13:11 hours

CPU: total 4 (initial active 4) (2 cores per cpu, 2 threads per core) family 6 model 140 stepping 1 microcode 0xb4, cx8, cmov, fxsr, ht, mmx, 3dnowpref, sse, sse2, sse3, ssse3, sse4.1, sse4.2, popcnt, lzcnt, tsc, tscinvbit, avx, avx2, aes, erms, clmul, bmi1, bmi2, adx, avx512f, avx512dq, avx512cd, avx512bw, avx512vl, sha, fma, vzeroupper, avx512_vpopcntdq, avx512_vpclmulqdq, avx512_vaes, avx512_vnni, clflush, clflushopt, clwb, avx512_vbmi2, avx512_vbmi, rdtscp, rdpid, fsrm, gfni, avx512_bitalg, f16c, pku, cet_ibt, cet_ss, avx512_ifma
Processor Information for processor 0
  Max Mhz: 2901, Current Mhz: 2901, Mhz Limit: 2901
Processor Information for processor 1
  Max Mhz: 2901, Current Mhz: 1100, Mhz Limit: 2901
Processor Information for processor 2
  Max Mhz: 2901, Current Mhz: 1100, Mhz Limit: 2901
Processor Information for processor 3
  Max Mhz: 2901, Current Mhz: 2901, Mhz Limit: 2901

Memory: 4k page, system-wide physical 7834M (447M free)
TotalPageFile size 20724M (AvailPageFile size 32M)
current process WorkingSet (physical memory assigned to process): 12M, peak: 12M
current process commit charge ("private bytes"): 52M, peak: 176M

vm_info: OpenJDK 64-Bit Server VM (22.0.2+9) for windows-amd64 JRE (22.0.2+9), built on 2024-07-16T00:00:00Z by "admin" with MS VC++ 17.7 (VS2022)

END.
